# JRE version: OpenJDK Runtime Environment (11.0.15) (build 11.0.15+0-b2043.56-9505619)
# Java VM: OpenJDK 64-Bit Server VM (11.0.15+0-b2043.56-9505619, mixed mode, tiered, compressed oops, g1 gc, windows-amd64)
Heap:
 garbage-first heap   total 196608K, used 75914K [0x0000000740800000, 0x0000000800000000)
  region size 1024K, 53 young (54272K), 2 survivors (2048K)
 Metaspace       used 46024K, capacity 46601K, committed 46720K, reserved 1089536K
  class space    used 5398K, capacity 5645K, committed 5760K, reserved 1048576K
GC Heap History (8 events):
Event: 0.442 GC heap before
{Heap before GC invocations=0 (full 0):
 garbage-first heap   total 196608K, used 18432K [0x0000000740800000, 0x0000000800000000)
  region size 1024K, 14 young (14336K), 0 survivors (0K)
 Metaspace       used 9499K, capacity 9615K, committed 9856K, reserved 1058816K
  class space    used 783K, capacity 820K, committed 896K, reserved 1048576K
}
Event: 0.445 GC heap after
{Heap after GC invocations=1 (full 0):
 garbage-first heap   total 196608K, used 6261K [0x0000000740800000, 0x0000000800000000)
  region size 1024K, 2 young (2048K), 2 survivors (2048K)
 Metaspace       used 9499K, capacity 9615K, committed 9856K, reserved 1058816K
  class space    used 783K, capacity 820K, committed 896K, reserved 1048576K
}
Event: 1.331 GC heap before
{Heap before GC invocations=1 (full 0):
 garbage-first heap   total 196608K, used 54389K [0x0000000740800000, 0x0000000800000000)
  region size 1024K, 50 young (51200K), 2 survivors (2048K)
 Metaspace       used 20863K, capacity 21038K, committed 21248K, reserved 1069056K
  class space    used 2212K, capacity 2273K, committed 2304K, reserved 1048576K
}
Event: 1.342 GC heap after
{Heap after GC invocations=2 (full 0):
 garbage-first heap   total 196608K, used 10346K [0x0000000740800000, 0x0000000800000000)
  region size 1024K, 6 young (6144K), 6 survivors (6144K)
 Metaspace       used 20863K, capacity 21038K, committed 21248K, reserved 1069056K
  class space    used 2212K, capacity 2273K, committed 2304K, reserved 1048576K
}
Event: 2.355 GC heap before
{Heap before GC invocations=3 (full 0):
 garbage-first heap   total 196608K, used 67690K [0x0000000740800000, 0x0000000800000000)
  region size 1024K, 56 young (57344K), 6 survivors (6144K)
 Metaspace       used 32891K, capacity 33396K, committed 33536K, reserved 1079296K
  class space    used 4077K, capacity 4281K, committed 4352K, reserved 1048576K
}
Event: 2.368 GC heap after
{Heap after GC invocations=4 (full 0):
 garbage-first heap   total 196608K, used 23121K [0x0000000740800000, 0x0000000800000000)
  region size 1024K, 7 young (7168K), 7 survivors (7168K)
 Metaspace       used 32891K, capacity 33396K, committed 33536K, reserved 1079296K
  class space    used 4077K, capacity 4281K, committed 4352K, reserved 1048576K
}
Event: 2.533 GC heap before
{Heap before GC invocations=4 (full 0):
 garbage-first heap   total 196608K, used 31313K [0x0000000740800000, 0x0000000800000000)
  region size 1024K, 16 young (16384K), 7 survivors (7168K)
 Metaspace       used 34976K, capacity 35476K, committed 35584K, reserved 1081344K
  class space    used 4288K, capacity 4505K, committed 4608K, reserved 1048576K
}
Event: 2.544 GC heap after
{Heap after GC invocations=5 (full 0):
 garbage-first heap   total 196608K, used 24714K [0x0000000740800000, 0x0000000800000000)
  region size 1024K, 2 young (2048K), 2 survivors (2048K)
 Metaspace       used 34976K, capacity 35476K, committed 35584K, reserved 1081344K
  class space    used 4288K, capacity 4505K, committed 4608K, reserved 1048576K
}

