# JRE version: OpenJDK Runtime Environment (11.0.15) (build 11.0.15+0-b2043.56-9505619)
# Java VM: OpenJDK 64-Bit Server VM (11.0.15+0-b2043.56-9505619, mixed mode, tiered, compressed oops, g1 gc, windows-amd64)
Heap:
 garbage-first heap   total 236544K, used 98816K [0x0000000740800000, 0x0000000800000000)
  region size 1024K, 54 young (55296K), 11 survivors (11264K)
 Metaspace       used 67689K, capacity 68620K, committed 68864K, reserved 1110016K
  class space    used 7462K, capacity 7815K, committed 7936K, reserved 1048576K
GC Heap History (16 events):
Event: 0.500 GC heap before
{Heap before GC invocations=0 (full 0):
 garbage-first heap   total 196608K, used 18432K [0x0000000740800000, 0x0000000800000000)
  region size 1024K, 14 young (14336K), 0 survivors (0K)
 Metaspace       used 9496K, capacity 9615K, committed 9856K, reserved 1058816K
  class space    used 782K, capacity 820K, committed 896K, reserved 1048576K
}
Event: 0.502 GC heap after
{Heap after GC invocations=1 (full 0):
 garbage-first heap   total 196608K, used 6247K [0x0000000740800000, 0x0000000800000000)
  region size 1024K, 2 young (2048K), 2 survivors (2048K)
 Metaspace       used 9496K, capacity 9615K, committed 9856K, reserved 1058816K
  class space    used 782K, capacity 820K, committed 896K, reserved 1048576K
}
Event: 1.513 GC heap before
{Heap before GC invocations=1 (full 0):
 garbage-first heap   total 196608K, used 54375K [0x0000000740800000, 0x0000000800000000)
  region size 1024K, 50 young (51200K), 2 survivors (2048K)
 Metaspace       used 20868K, capacity 21102K, committed 21248K, reserved 1069056K
  class space    used 2212K, capacity 2273K, committed 2304K, reserved 1048576K
}
Event: 1.523 GC heap after
{Heap after GC invocations=2 (full 0):
 garbage-first heap   total 196608K, used 10320K [0x0000000740800000, 0x0000000800000000)
  region size 1024K, 6 young (6144K), 6 survivors (6144K)
 Metaspace       used 20868K, capacity 21102K, committed 21248K, reserved 1069056K
  class space    used 2212K, capacity 2273K, committed 2304K, reserved 1048576K
}
Event: 2.599 GC heap before
{Heap before GC invocations=3 (full 0):
 garbage-first heap   total 196608K, used 67664K [0x0000000740800000, 0x0000000800000000)
  region size 1024K, 56 young (57344K), 6 survivors (6144K)
 Metaspace       used 33044K, capacity 33620K, committed 33792K, reserved 1079296K
  class space    used 4103K, capacity 4313K, committed 4352K, reserved 1048576K
}
Event: 2.612 GC heap after
{Heap after GC invocations=4 (full 0):
 garbage-first heap   total 196608K, used 23152K [0x0000000740800000, 0x0000000800000000)
  region size 1024K, 7 young (7168K), 7 survivors (7168K)
 Metaspace       used 33044K, capacity 33620K, committed 33792K, reserved 1079296K
  class space    used 4103K, capacity 4313K, committed 4352K, reserved 1048576K
}
Event: 2.773 GC heap before
{Heap before GC invocations=4 (full 0):
 garbage-first heap   total 196608K, used 30320K [0x0000000740800000, 0x0000000800000000)
  region size 1024K, 15 young (15360K), 7 survivors (7168K)
 Metaspace       used 34963K, capacity 35476K, committed 35584K, reserved 1081344K
  class space    used 4288K, capacity 4505K, committed 4608K, reserved 1048576K
}
Event: 2.783 GC heap after
{Heap after GC invocations=5 (full 0):
 garbage-first heap   total 196608K, used 24373K [0x0000000740800000, 0x0000000800000000)
  region size 1024K, 2 young (2048K), 2 survivors (2048K)
 Metaspace       used 34963K, capacity 35476K, committed 35584K, reserved 1081344K
  class space    used 4288K, capacity 4505K, committed 4608K, reserved 1048576K
}
Event: 4.093 GC heap before
{Heap before GC invocations=6 (full 0):
 garbage-first heap   total 196608K, used 89909K [0x0000000740800000, 0x0000000800000000)
  region size 1024K, 64 young (65536K), 2 survivors (2048K)
 Metaspace       used 48176K, capacity 48720K, committed 48896K, reserved 1091584K
  class space    used 5634K, capacity 5886K, committed 5888K, reserved 1048576K
}
Event: 4.104 GC heap after
{Heap after GC invocations=7 (full 0):
 garbage-first heap   total 196608K, used 30688K [0x0000000740800000, 0x0000000800000000)
  region size 1024K, 8 young (8192K), 8 survivors (8192K)
 Metaspace       used 48176K, capacity 48720K, committed 48896K, reserved 1091584K
  class space    used 5634K, capacity 5886K, committed 5888K, reserved 1048576K
}
Event: 5.774 GC heap before
{Heap before GC invocations=8 (full 0):
 garbage-first heap   total 196608K, used 126944K [0x0000000740800000, 0x0000000800000000)
  region size 1024K, 101 young (103424K), 8 survivors (8192K)
 Metaspace       used 57049K, capacity 57687K, committed 57984K, reserved 1099776K
  class space    used 6456K, capacity 6729K, committed 6784K, reserved 1048576K
}
Event: 5.797 GC heap after
{Heap after GC invocations=9 (full 0):
 garbage-first heap   total 236544K, used 41938K [0x0000000740800000, 0x0000000800000000)
  region size 1024K, 13 young (13312K), 13 survivors (13312K)
 Metaspace       used 57049K, capacity 57687K, committed 57984K, reserved 1099776K
  class space    used 6456K, capacity 6729K, committed 6784K, reserved 1048576K
}
Event: 6.199 GC heap before
{Heap before GC invocations=9 (full 0):
 garbage-first heap   total 236544K, used 66514K [0x0000000740800000, 0x0000000800000000)
  region size 1024K, 37 young (37888K), 13 survivors (13312K)
 Metaspace       used 57466K, capacity 58175K, committed 58240K, reserved 1101824K
  class space    used 6477K, capacity 6763K, committed 6784K, reserved 1048576K
}
Event: 6.216 GC heap after
{Heap after GC invocations=10 (full 0):
 garbage-first heap   total 236544K, used 48128K [0x0000000740800000, 0x0000000800000000)
  region size 1024K, 5 young (5120K), 5 survivors (5120K)
 Metaspace       used 57466K, capacity 58175K, committed 58240K, reserved 1101824K
  class space    used 6477K, capacity 6763K, committed 6784K, reserved 1048576K
}
Event: 8.284 GC heap before
{Heap before GC invocations=10 (full 0):
 garbage-first heap   total 236544K, used 130048K [0x0000000740800000, 0x0000000800000000)
  region size 1024K, 84 young (86016K), 5 survivors (5120K)
 Metaspace       used 65175K, capacity 65999K, committed 66176K, reserved 1107968K
  class space    used 7330K, capacity 7699K, committed 7808K, reserved 1048576K
}
Event: 8.296 GC heap after
{Heap after GC invocations=11 (full 0):
 garbage-first heap   total 236544K, used 55808K [0x0000000740800000, 0x0000000800000000)
  region size 1024K, 11 young (11264K), 11 survivors (11264K)
 Metaspace       used 65175K, capacity 65999K, committed 66176K, reserved 1107968K
  class space    used 7330K, capacity 7699K, committed 7808K, reserved 1048576K
}

