# JRE version: OpenJDK Runtime Environment (11.0.15) (build 11.0.15+0-b2043.56-9505619)
# Java VM: OpenJDK 64-Bit Server VM (11.0.15+0-b2043.56-9505619, mixed mode, tiered, compressed oops, g1 gc, windows-amd64)
Heap:
 garbage-first heap   total 236544K, used 40868K [0x0000000740800000, 0x0000000800000000)
  region size 1024K, 10 young (10240K), 10 survivors (10240K)
 Metaspace       used 56701K, capacity 57366K, committed 57472K, reserved 1099776K
  class space    used 6445K, capacity 6729K, committed 6784K, reserved 1048576K
GC Heap History (11 events):
Event: 0.450 GC heap before
{Heap before GC invocations=0 (full 0):
 garbage-first heap   total 196608K, used 18432K [0x0000000740800000, 0x0000000800000000)
  region size 1024K, 14 young (14336K), 0 survivors (0K)
 Metaspace       used 9493K, capacity 9615K, committed 9856K, reserved 1058816K
  class space    used 783K, capacity 820K, committed 896K, reserved 1048576K
}
Event: 0.452 GC heap after
{Heap after GC invocations=1 (full 0):
 garbage-first heap   total 196608K, used 6246K [0x0000000740800000, 0x0000000800000000)
  region size 1024K, 2 young (2048K), 2 survivors (2048K)
 Metaspace       used 9493K, capacity 9615K, committed 9856K, reserved 1058816K
  class space    used 783K, capacity 820K, committed 896K, reserved 1048576K
}
Event: 1.337 GC heap before
{Heap before GC invocations=1 (full 0):
 garbage-first heap   total 196608K, used 54374K [0x0000000740800000, 0x0000000800000000)
  region size 1024K, 50 young (51200K), 2 survivors (2048K)
 Metaspace       used 20869K, capacity 21102K, committed 21248K, reserved 1069056K
  class space    used 2212K, capacity 2273K, committed 2304K, reserved 1048576K
}
Event: 1.347 GC heap after
{Heap after GC invocations=2 (full 0):
 garbage-first heap   total 196608K, used 10342K [0x0000000740800000, 0x0000000800000000)
  region size 1024K, 6 young (6144K), 6 survivors (6144K)
 Metaspace       used 20869K, capacity 21102K, committed 21248K, reserved 1069056K
  class space    used 2212K, capacity 2273K, committed 2304K, reserved 1048576K
}
Event: 2.280 GC heap before
{Heap before GC invocations=3 (full 0):
 garbage-first heap   total 196608K, used 67686K [0x0000000740800000, 0x0000000800000000)
  region size 1024K, 56 young (57344K), 6 survivors (6144K)
 Metaspace       used 33073K, capacity 33620K, committed 33792K, reserved 1079296K
  class space    used 4101K, capacity 4313K, committed 4352K, reserved 1048576K
}
Event: 2.291 GC heap after
{Heap after GC invocations=4 (full 0):
 garbage-first heap   total 196608K, used 23223K [0x0000000740800000, 0x0000000800000000)
  region size 1024K, 7 young (7168K), 7 survivors (7168K)
 Metaspace       used 33073K, capacity 33620K, committed 33792K, reserved 1079296K
  class space    used 4101K, capacity 4313K, committed 4352K, reserved 1048576K
}
Event: 2.422 GC heap before
{Heap before GC invocations=4 (full 0):
 garbage-first heap   total 196608K, used 31415K [0x0000000740800000, 0x0000000800000000)
  region size 1024K, 16 young (16384K), 7 survivors (7168K)
 Metaspace       used 34988K, capacity 35476K, committed 35584K, reserved 1081344K
  class space    used 4286K, capacity 4505K, committed 4608K, reserved 1048576K
}
Event: 2.433 GC heap after
{Heap after GC invocations=5 (full 0):
 garbage-first heap   total 196608K, used 24828K [0x0000000740800000, 0x0000000800000000)
  region size 1024K, 2 young (2048K), 2 survivors (2048K)
 Metaspace       used 34988K, capacity 35476K, committed 35584K, reserved 1081344K
  class space    used 4286K, capacity 4505K, committed 4608K, reserved 1048576K
}
Event: 3.638 GC heap before
{Heap before GC invocations=6 (full 0):
 garbage-first heap   total 196608K, used 91388K [0x0000000740800000, 0x0000000800000000)
  region size 1024K, 65 young (66560K), 2 survivors (2048K)
 Metaspace       used 48207K, capacity 48788K, committed 48896K, reserved 1091584K
  class space    used 5632K, capacity 5886K, committed 5888K, reserved 1048576K
}
Event: 3.652 GC heap after
{Heap after GC invocations=7 (full 0):
 garbage-first heap   total 196608K, used 30860K [0x0000000740800000, 0x0000000800000000)
  region size 1024K, 8 young (8192K), 8 survivors (8192K)
 Metaspace       used 48207K, capacity 48788K, committed 48896K, reserved 1091584K
  class space    used 5632K, capacity 5886K, committed 5888K, reserved 1048576K
}
Event: 5.043 GC heap before
{Heap before GC invocations=8 (full 0):
 garbage-first heap   total 196608K, used 114828K [0x0000000740800000, 0x0000000800000000)
  region size 1024K, 89 young (91136K), 8 survivors (8192K)
 Metaspace       used 56701K, capacity 57366K, committed 57472K, reserved 1099776K
  class space    used 6445K, capacity 6729K, committed 6784K, reserved 1048576K
}

