# JRE version: OpenJDK Runtime Environment (11.0.15) (build 11.0.15+0-b2043.56-9505619)
# Java VM: OpenJDK 64-Bit Server VM (11.0.15+0-b2043.56-9505619, mixed mode, tiered, compressed oops, g1 gc, windows-amd64)
Heap:
 garbage-first heap   total 236544K, used 65024K [0x0000000740800000, 0x0000000800000000)
  region size 1024K, 16 young (16384K), 10 survivors (10240K)
 Metaspace       used 67252K, capacity 68155K, committed 68260K, reserved 1110016K
  class space    used 7452K, capacity 7813K, committed 7844K, reserved 1048576K
GC Heap History (18 events):
Event: 0.435 GC heap before
{Heap before GC invocations=0 (full 0):
 garbage-first heap   total 196608K, used 18432K [0x0000000740800000, 0x0000000800000000)
  region size 1024K, 14 young (14336K), 0 survivors (0K)
 Metaspace       used 9487K, capacity 9615K, committed 9856K, reserved 1058816K
  class space    used 784K, capacity 820K, committed 896K, reserved 1048576K
}
Event: 0.437 GC heap after
{Heap after GC invocations=1 (full 0):
 garbage-first heap   total 196608K, used 6273K [0x0000000740800000, 0x0000000800000000)
  region size 1024K, 2 young (2048K), 2 survivors (2048K)
 Metaspace       used 9487K, capacity 9615K, committed 9856K, reserved 1058816K
  class space    used 784K, capacity 820K, committed 896K, reserved 1048576K
}
Event: 1.342 GC heap before
{Heap before GC invocations=1 (full 0):
 garbage-first heap   total 196608K, used 54401K [0x0000000740800000, 0x0000000800000000)
  region size 1024K, 50 young (51200K), 2 survivors (2048K)
 Metaspace       used 20891K, capacity 21102K, committed 21248K, reserved 1069056K
  class space    used 2212K, capacity 2273K, committed 2304K, reserved 1048576K
}
Event: 1.353 GC heap after
{Heap after GC invocations=2 (full 0):
 garbage-first heap   total 196608K, used 10420K [0x0000000740800000, 0x0000000800000000)
  region size 1024K, 7 young (7168K), 7 survivors (7168K)
 Metaspace       used 20891K, capacity 21102K, committed 21248K, reserved 1069056K
  class space    used 2212K, capacity 2273K, committed 2304K, reserved 1048576K
}
Event: 2.306 GC heap before
{Heap before GC invocations=3 (full 0):
 garbage-first heap   total 196608K, used 67764K [0x0000000740800000, 0x0000000800000000)
  region size 1024K, 57 young (58368K), 7 survivors (7168K)
 Metaspace       used 32910K, capacity 33460K, committed 33536K, reserved 1079296K
  class space    used 4077K, capacity 4281K, committed 4352K, reserved 1048576K
}
Event: 2.317 GC heap after
{Heap after GC invocations=4 (full 0):
 garbage-first heap   total 196608K, used 22636K [0x0000000740800000, 0x0000000800000000)
  region size 1024K, 8 young (8192K), 8 survivors (8192K)
 Metaspace       used 32910K, capacity 33460K, committed 33536K, reserved 1079296K
  class space    used 4077K, capacity 4281K, committed 4352K, reserved 1048576K
}
Event: 2.468 GC heap before
{Heap before GC invocations=4 (full 0):
 garbage-first heap   total 196608K, used 30828K [0x0000000740800000, 0x0000000800000000)
  region size 1024K, 17 young (17408K), 8 survivors (8192K)
 Metaspace       used 34985K, capacity 35476K, committed 35584K, reserved 1081344K
  class space    used 4288K, capacity 4505K, committed 4608K, reserved 1048576K
}
Event: 2.480 GC heap after
{Heap after GC invocations=5 (full 0):
 garbage-first heap   total 196608K, used 24791K [0x0000000740800000, 0x0000000800000000)
  region size 1024K, 7 young (7168K), 7 survivors (7168K)
 Metaspace       used 34985K, capacity 35476K, committed 35584K, reserved 1081344K
  class space    used 4288K, capacity 4505K, committed 4608K, reserved 1048576K
}
Event: 2.938 GC heap before
{Heap before GC invocations=6 (full 0):
 garbage-first heap   total 196608K, used 52439K [0x0000000740800000, 0x0000000800000000)
  region size 1024K, 34 young (34816K), 7 survivors (7168K)
 Metaspace       used 39895K, capacity 40413K, committed 40704K, reserved 1085440K
  class space    used 4761K, capacity 4996K, committed 5120K, reserved 1048576K
}
Event: 2.945 GC heap after
{Heap after GC invocations=7 (full 0):
 garbage-first heap   total 196608K, used 25471K [0x0000000740800000, 0x0000000800000000)
  region size 1024K, 5 young (5120K), 5 survivors (5120K)
 Metaspace       used 39895K, capacity 40413K, committed 40704K, reserved 1085440K
  class space    used 4761K, capacity 4996K, committed 5120K, reserved 1048576K
}
Event: 4.077 GC heap before
{Heap before GC invocations=7 (full 0):
 garbage-first heap   total 196608K, used 93055K [0x0000000740800000, 0x0000000800000000)
  region size 1024K, 68 young (69632K), 5 survivors (5120K)
 Metaspace       used 49473K, capacity 50033K, committed 50304K, reserved 1093632K
  class space    used 5735K, capacity 5960K, committed 6016K, reserved 1048576K
}
Event: 4.089 GC heap after
{Heap after GC invocations=8 (full 0):
 garbage-first heap   total 236544K, used 34440K [0x0000000740800000, 0x0000000800000000)
  region size 1024K, 9 young (9216K), 9 survivors (9216K)
 Metaspace       used 49473K, capacity 50033K, committed 50304K, reserved 1093632K
  class space    used 5735K, capacity 5960K, committed 6016K, reserved 1048576K
}
Event: 5.921 GC heap before
{Heap before GC invocations=8 (full 0):
 garbage-first heap   total 236544K, used 125576K [0x0000000740800000, 0x0000000800000000)
  region size 1024K, 98 young (100352K), 9 survivors (9216K)
 Metaspace       used 57743K, capacity 58383K, committed 58496K, reserved 1101824K
  class space    used 6495K, capacity 6767K, committed 6784K, reserved 1048576K
}
Event: 5.939 GC heap after
{Heap after GC invocations=9 (full 0):
 garbage-first heap   total 236544K, used 47080K [0x0000000740800000, 0x0000000800000000)
  region size 1024K, 13 young (13312K), 13 survivors (13312K)
 Metaspace       used 57743K, capacity 58383K, committed 58496K, reserved 1101824K
  class space    used 6495K, capacity 6767K, committed 6784K, reserved 1048576K
}
Event: 6.224 GC heap before
{Heap before GC invocations=9 (full 0):
 garbage-first heap   total 236544K, used 74728K [0x0000000740800000, 0x0000000800000000)
  region size 1024K, 41 young (41984K), 13 survivors (13312K)
 Metaspace       used 59061K, capacity 59682K, committed 59736K, reserved 1101824K
  class space    used 6667K, capacity 6946K, committed 7000K, reserved 1048576K
}
Event: 6.258 GC heap after
{Heap after GC invocations=10 (full 0):
 garbage-first heap   total 236544K, used 49493K [0x0000000740800000, 0x0000000800000000)
  region size 1024K, 2 young (2048K), 2 survivors (2048K)
 Metaspace       used 59061K, capacity 59682K, committed 59736K, reserved 1101824K
  class space    used 6667K, capacity 6946K, committed 7000K, reserved 1048576K
}
Event: 9.135 GC heap before
{Heap before GC invocations=11 (full 0):
 garbage-first heap   total 236544K, used 128341K [0x0000000740800000, 0x0000000800000000)
  region size 1024K, 78 young (79872K), 2 survivors (2048K)
 Metaspace       used 67114K, capacity 68027K, committed 68260K, reserved 1110016K
  class space    used 7447K, capacity 7813K, committed 7844K, reserved 1048576K
}
Event: 9.147 GC heap after
{Heap after GC invocations=12 (full 0):
 garbage-first heap   total 236544K, used 59904K [0x0000000740800000, 0x0000000800000000)
  region size 1024K, 10 young (10240K), 10 survivors (10240K)
 Metaspace       used 67114K, capacity 68027K, committed 68260K, reserved 1110016K
  class space    used 7447K, capacity 7813K, committed 7844K, reserved 1048576K
}

